#
# A fatal error has been detected by the Java Runtime Environment:
#
#  EXCEPTION_ACCESS_VIOLATION (0xc0000005) at pc=0x0000000180083e80, pid=8568, tid=7136
#
# JRE version: Java(TM) SE Runtime Environment (8.0_31-b13) (build 1.8.0_31-b13)
# Java VM: Java HotSpot(TM) 64-Bit Server VM (25.31-b07 mixed mode windows-amd64 compressed oops)
# Problematic frame:
# C  [ig7icd64.dll+0x83e80]
#
# Failed to write core dump. Minidumps are not enabled by default on client versions of Windows
#
# If you would like to submit a bug report, please visit:
#   http://bugreport.java.com/bugreport/crash.jsp
# The crash happened outside the Java Virtual Machine in native code.
# See problematic frame for where to report the bug.
#

---------------  T H R E A D  ---------------

Current thread (0x0000000002c20800):  JavaThread "main" [_thread_in_native, id=7136, stack(0x0000000002aa0000,0x0000000002ba0000)]

siginfo: ExceptionCode=0xc0000005, reading address 0x0000000000000000

Registers:
RAX=0x0000000000000000, RBX=0x0000000017e9a000, RCX=0x0000000000000000, RDX=0x0000000000000000
RSP=0x0000000002b9f0e0, RBP=0x000000001696fa00, RSI=0x0000000000000002, RDI=0x0000000017e9a000
R8 =0x0000000000000006, R9 =0x0000000000000000, R10=0x0000000000000001, R11=0x0000000002b9f070
R12=0x0000000000000006, R13=0x0000000019979dc8, R14=0x0000000019979da0, R15=0x0000000016988338
RIP=0x0000000180083e80, EFLAGS=0x0000000000010202

Top of Stack: (sp=0x0000000002b9f0e0)
0x0000000002b9f0e0:   0000000000060000 0000000019979da0
0x0000000002b9f0f0:   0000000019979da0 0000000017e9a000
0x0000000002b9f100:   0000000000000006 0000000180085903
0x0000000002b9f110:   0000000000060000 0000000000000002
0x0000000002b9f120:   000000001696fa00 0000000000000000
0x0000000002b9f130:   001605ca5ffd0001 0000000002c20800
0x0000000002b9f140:   0000000000000000 0000000180279c53
0x0000000002b9f150:   0000000014bbf5d0 0000000000000006
0x0000000002b9f160:   0000000000000004 0000000000000006
0x0000000002b9f170:   0000000000000000 00000000169882f0
0x0000000002b9f180:   00000000000000ff 0000000180082fc5
0x0000000002b9f190:   0000000000000002 000000001696fa00
0x0000000002b9f1a0:   0000000002b9f398 000000001696fa00
0x0000000002b9f1b0:   0000000000000000 0000000000000004
0x0000000002b9f1c0:   0000000000000006 0000000180158554
0x0000000002b9f1d0:   001605ca5ffd0004 000000010008fe88 

Instructions: (pc=0x0000000180083e80)
0x0000000180083e60:   10 0f 28 3c 24 41 83 e0 0f 74 4a 45 8b d0 44 8b
0x0000000180083e70:   c9 49 c1 ea 02 4d 85 d2 74 1e 66 0f 1f 44 00 00
0x0000000180083e80:   8b 02 41 ff c1 48 83 c7 04 89 47 fc 41 8b c1 48
0x0000000180083e90:   83 c2 04 49 3b c2 72 e8 41 83 e0 03 76 17 48 2b 


Register to memory mapping:

RAX=0x0000000000000000 is an unknown value
RBX=0x0000000017e9a000 is an unknown value
RCX=0x0000000000000000 is an unknown value
RDX=0x0000000000000000 is an unknown value
RSP=0x0000000002b9f0e0 is pointing into the stack for thread: 0x0000000002c20800
RBP=0x000000001696fa00 is an unknown value
RSI=0x0000000000000002 is an unknown value
RDI=0x0000000017e9a000 is an unknown value
R8 =0x0000000000000006 is an unknown value
R9 =0x0000000000000000 is an unknown value
R10=0x0000000000000001 is an unknown value
R11=0x0000000002b9f070 is pointing into the stack for thread: 0x0000000002c20800
R12=0x0000000000000006 is an unknown value
R13=0x0000000019979dc8 is an unknown value
R14=0x0000000019979da0 is an unknown value
R15=0x0000000016988338 is an unknown value


Stack: [0x0000000002aa0000,0x0000000002ba0000],  sp=0x0000000002b9f0e0,  free space=1020k
Native frames: (J=compiled Java code, j=interpreted, Vv=VM code, C=native code)
C  [ig7icd64.dll+0x83e80]
C  [ig7icd64.dll+0x85903]
C  [ig7icd64.dll+0x82fc5]
C  [ig7icd64.dll+0x158554]
C  [ig7icd64.dll+0x1586b1]
C  [ig7icd64.dll+0x159e71]
C  0x0000000002d33894

Java frames: (J=compiled Java code, j=interpreted, Vv=VM code)
j  org.lwjgl.opengl.GL11.nglDrawElements(IIIJJ)V+0
j  org.lwjgl.opengl.GL11.nglDrawElements(IIIJ)V+26
j  org.lwjgl.opengl.GL11.glDrawElements(IIIJ)V+17
j  Display.DPDTRenderer.draw(ILMath/Vector2;LMath/Vector2;FLMath/Vector2;LMath/Vector2;)V+231
j  Display.HudElement.render(LDisplay/DPDTRenderer;)V+25
j  Display.Hud.render(LDisplay/DPDTRenderer;)V+23
j  Main.Level.render()V+128
j  Main.ShootEmUp.render()V+19
j  Main.ShootEmUp.loop()V+81
j  Main.ShootEmUp.run()V+5
j  Main.ShootEmUp.main([Ljava/lang/String;)V+7
v  ~StubRoutines::call_stub

---------------  P R O C E S S  ---------------

Java Threads: ( => current thread )
  0x0000000018fbd000 JavaThread "Java2D Disposer" daemon [_thread_blocked, id=5004, stack(0x0000000019d80000,0x0000000019e80000)]
  0x00000000150f4000 JavaThread "Service Thread" daemon [_thread_blocked, id=3824, stack(0x00000000161e0000,0x00000000162e0000)]
  0x00000000150a5000 JavaThread "C1 CompilerThread1" daemon [_thread_blocked, id=5492, stack(0x00000000160e0000,0x00000000161e0000)]
  0x0000000015098000 JavaThread "C2 CompilerThread0" daemon [_thread_blocked, id=6592, stack(0x0000000015fe0000,0x00000000160e0000)]
  0x0000000015096800 JavaThread "Attach Listener" daemon [_thread_blocked, id=4920, stack(0x0000000015ee0000,0x0000000015fe0000)]
  0x0000000015095800 JavaThread "Signal Dispatcher" daemon [_thread_blocked, id=7144, stack(0x0000000015de0000,0x0000000015ee0000)]
  0x0000000015056800 JavaThread "Finalizer" daemon [_thread_blocked, id=7152, stack(0x0000000015ce0000,0x0000000015de0000)]
  0x000000001504f800 JavaThread "Reference Handler" daemon [_thread_blocked, id=724, stack(0x0000000015be0000,0x0000000015ce0000)]
=>0x0000000002c20800 JavaThread "main" [_thread_in_native, id=7136, stack(0x0000000002aa0000,0x0000000002ba0000)]

Other Threads:
  0x0000000015049800 VMThread [stack: 0x0000000015ae0000,0x0000000015be0000] [id=8016]
  0x00000000150f7800 WatcherThread [stack: 0x00000000162e0000,0x00000000163e0000] [id=1912]

VM state:not at safepoint (normal execution)

VM Mutex/Monitor currently owned by a thread: None

Heap:
 PSYoungGen      total 18944K, used 3356K [0x00000000eb500000, 0x00000000eca00000, 0x0000000100000000)
  eden space 16384K, 4% used [0x00000000eb500000,0x00000000eb5cafb0,0x00000000ec500000)
  from space 2560K, 99% used [0x00000000ec500000,0x00000000ec77c2e0,0x00000000ec780000)
  to   space 2560K, 0% used [0x00000000ec780000,0x00000000ec780000,0x00000000eca00000)
 ParOldGen       total 44032K, used 1333K [0x00000000c1e00000, 0x00000000c4900000, 0x00000000eb500000)
  object space 44032K, 3% used [0x00000000c1e00000,0x00000000c1f4d4c0,0x00000000c4900000)
 Metaspace       used 9768K, capacity 9868K, committed 10240K, reserved 1058816K
  class space    used 872K, capacity 918K, committed 1024K, reserved 1048576K

Card table byte_map: [0x00000000120e0000,0x00000000122e0000] byte_map_base: 0x0000000011ad1000

Marking Bits: (ParMarkBitMap*) 0x0000000067fad4f0
 Begin Bits: [0x0000000012630000, 0x00000000135b8000)
 End Bits:   [0x00000000135b8000, 0x0000000014540000)

Polling page: 0x00000000012a0000

CodeCache: size=245760Kb used=2588Kb max_used=2599Kb free=243171Kb
 bounds [0x0000000002d20000, 0x0000000002fb0000, 0x0000000011d20000]
 total_blobs=1246 nmethods=641 adapters=520
 compilation: enabled

Compilation events (10 events):
Event: 1.549 Thread 0x00000000150a5000 nmethod 640 0x0000000002fa3710 code [0x0000000002fa38a0, 0x0000000002fa3c58]
Event: 1.555 Thread 0x0000000015098000 nmethod 607 0x0000000002fa7590 code [0x0000000002fa7760, 0x0000000002fa7bd8]
Event: 1.555 Thread 0x0000000015098000  608       4       java.awt.image.BufferedImage::getWidth (8 bytes)
Event: 1.555 Thread 0x0000000015098000 nmethod 608 0x0000000002fa7150 code [0x0000000002fa7280, 0x0000000002fa72f8]
Event: 1.555 Thread 0x0000000015098000  635       4       java.nio.FloatBuffer::put (9 bytes)
Event: 1.559 Thread 0x0000000015098000 nmethod 635 0x0000000002fa6c50 code [0x0000000002fa6da0, 0x0000000002fa6f68]
Event: 1.559 Thread 0x0000000015098000  636       4       java.nio.DirectFloatBufferU::put (154 bytes)
Event: 1.564 Thread 0x0000000015098000 nmethod 636 0x0000000002fa3210 code [0x0000000002fa3360, 0x0000000002fa3548]
Event: 1.574 Thread 0x00000000150a5000  641       3       Math.Matrix4::get (7 bytes)
Event: 1.575 Thread 0x00000000150a5000 nmethod 641 0x0000000002fa2e50 code [0x0000000002fa2fa0, 0x0000000002fa3110]

GC Heap History (2 events):
Event: 1.499 GC heap before
{Heap before GC invocations=1 (full 0):
 PSYoungGen      total 18944K, used 16384K [0x00000000eb500000, 0x00000000eca00000, 0x0000000100000000)
  eden space 16384K, 100% used [0x00000000eb500000,0x00000000ec500000,0x00000000ec500000)
  from space 2560K, 0% used [0x00000000ec780000,0x00000000ec780000,0x00000000eca00000)
  to   space 2560K, 0% used [0x00000000ec500000,0x00000000ec500000,0x00000000ec780000)
 ParOldGen       total 44032K, used 0K [0x00000000c1e00000, 0x00000000c4900000, 0x00000000eb500000)
  object space 44032K, 0% used [0x00000000c1e00000,0x00000000c1e00000,0x00000000c4900000)
 Metaspace       used 9730K, capacity 9868K, committed 10240K, reserved 1058816K
  class space    used 869K, capacity 918K, committed 1024K, reserved 1048576K
Event: 1.505 GC heap after
Heap after GC invocations=1 (full 0):
 PSYoungGen      total 18944K, used 2544K [0x00000000eb500000, 0x00000000eca00000, 0x0000000100000000)
  eden space 16384K, 0% used [0x00000000eb500000,0x00000000eb500000,0x00000000ec500000)
  from space 2560K, 99% used [0x00000000ec500000,0x00000000ec77c2e0,0x00000000ec780000)
  to   space 2560K, 0% used [0x00000000ec780000,0x00000000ec780000,0x00000000eca00000)
 ParOldGen       total 44032K, used 1333K [0x00000000c1e00000, 0x00000000c4900000, 0x00000000eb500000)
  object space 44032K, 3% used [0x00000000c1e00000,0x00000000c1f4d4c0,0x00000000c4900000)
 Metaspace       used 9730K, capacity 9868K, committed 10240K, reserved 1058816K
  class space    used 869K, capacity 918K, committed 1024K, reserved 1048576K
}

Deoptimization events (0 events):
No events

Internal exceptions (10 events):
Event: 1.452 Thread 0x0000000002c20800 Exception <a 'java/security/PrivilegedActionException'> (0x00000000ec22fdb0) thrown at [C:\workspace\8-2-build-windows-amd64-cygwin\jdk8u31\2394\hotspot\src\share\vm\prims\jvm.cpp, line 1312]
Event: 1.454 Thread 0x0000000002c20800 Exception <a 'java/security/PrivilegedActionException'> (0x00000000ec231da8) thrown at [C:\workspace\8-2-build-windows-amd64-cygwin\jdk8u31\2394\hotspot\src\share\vm\prims\jvm.cpp, line 1312]
Event: 1.456 Thread 0x0000000002c20800 Exception <a 'java/security/PrivilegedActionException'> (0x00000000ec2351b0) thrown at [C:\workspace\8-2-build-windows-amd64-cygwin\jdk8u31\2394\hotspot\src\share\vm\prims\jvm.cpp, line 1312]
Event: 1.458 Thread 0x0000000002c20800 Exception <a 'java/security/PrivilegedActionException'> (0x00000000ec237028) thrown at [C:\workspace\8-2-build-windows-amd64-cygwin\jdk8u31\2394\hotspot\src\share\vm\prims\jvm.cpp, line 1312]
Event: 1.460 Thread 0x0000000002c20800 Exception <a 'java/security/PrivilegedActionException'> (0x00000000ec238f60) thrown at [C:\workspace\8-2-build-windows-amd64-cygwin\jdk8u31\2394\hotspot\src\share\vm\prims\jvm.cpp, line 1312]
Event: 1.463 Thread 0x0000000002c20800 Exception <a 'java/security/PrivilegedActionException'> (0x00000000ec23ad88) thrown at [C:\workspace\8-2-build-windows-amd64-cygwin\jdk8u31\2394\hotspot\src\share\vm\prims\jvm.cpp, line 1312]
Event: 1.513 Thread 0x0000000002c20800 Exception <a 'java/security/PrivilegedActionException'> (0x00000000eb56cd38) thrown at [C:\workspace\8-2-build-windows-amd64-cygwin\jdk8u31\2394\hotspot\src\share\vm\prims\jvm.cpp, line 1312]
Event: 1.552 Thread 0x0000000002c20800 Exception <a 'java/security/PrivilegedActionException'> (0x00000000eb570ed8) thrown at [C:\workspace\8-2-build-windows-amd64-cygwin\jdk8u31\2394\hotspot\src\share\vm\prims\jvm.cpp, line 1312]
Event: 1.553 Thread 0x0000000002c20800 Exception <a 'java/security/PrivilegedActionException'> (0x00000000eb572a08) thrown at [C:\workspace\8-2-build-windows-amd64-cygwin\jdk8u31\2394\hotspot\src\share\vm\prims\jvm.cpp, line 1312]
Event: 1.574 Thread 0x0000000002c20800 Exception <a 'java/security/PrivilegedActionException'> (0x00000000eb5756b0) thrown at [C:\workspace\8-2-build-windows-amd64-cygwin\jdk8u31\2394\hotspot\src\share\vm\prims\jvm.cpp, line 1312]

Events (10 events):
Event: 1.513 loading class Display/IRenderer
Event: 1.513 loading class Display/IRenderer done
Event: 1.552 loading class Input/Keyboard
Event: 1.552 loading class Input/Keyboard done
Event: 1.553 loading class Input/Keyboard$1
Event: 1.553 loading class Input/Keyboard$1 done
Event: 1.574 loading class java/util/concurrent/CopyOnWriteArrayList$COWIterator
Event: 1.574 loading class java/util/concurrent/CopyOnWriteArrayList$COWIterator done
Event: 1.574 loading class Math/Vector3
Event: 1.574 loading class Math/Vector3 done


Dynamic libraries:
0x00007ff62dad0000 - 0x00007ff62db04000 	C:\Program Files\Java\jre1.8.0_31\bin\javaw.exe
0x00007ffd51910000 - 0x00007ffd51abc000 	C:\Windows\SYSTEM32\ntdll.dll
0x00007ffd4e1b0000 - 0x00007ffd4e2ea000 	C:\Windows\system32\KERNEL32.DLL
0x00007ffd4dc10000 - 0x00007ffd4dd1f000 	C:\Windows\system32\KERNELBASE.dll
0x00007ffd4c7d0000 - 0x00007ffd4c858000 	C:\Windows\system32\apphelp.dll
0x00007ffd3fcb0000 - 0x00007ffd3fcff000 	C:\Windows\AppPatch\AppPatch64\AcGenral.DLL
0x00007ffd50670000 - 0x00007ffd50717000 	C:\Windows\system32\msvcrt.dll
0x00007ffd4d920000 - 0x00007ffd4d94b000 	C:\Windows\SYSTEM32\SspiCli.dll
0x00007ffd50490000 - 0x00007ffd504e1000 	C:\Windows\system32\SHLWAPI.dll
0x00007ffd50170000 - 0x00007ffd502e1000 	C:\Windows\system32\USER32.dll
0x00007ffd50780000 - 0x00007ffd508f8000 	C:\Windows\system32\ole32.dll
0x00007ffd4e5a0000 - 0x00007ffd4fab8000 	C:\Windows\system32\SHELL32.dll
0x00007ffd4d0f0000 - 0x00007ffd4d10e000 	C:\Windows\SYSTEM32\USERENV.dll
0x00007ffd4fee0000 - 0x00007ffd4ff85000 	C:\Windows\system32\ADVAPI32.dll
0x00007ffd40330000 - 0x00007ffd4034b000 	C:\Windows\SYSTEM32\MPR.dll
0x00007ffd4e310000 - 0x00007ffd4e447000 	C:\Windows\system32\RPCRT4.dll
0x00007ffd4fb60000 - 0x00007ffd4fbb7000 	C:\Windows\SYSTEM32\sechost.dll
0x00007ffd4fca0000 - 0x00007ffd4fe76000 	C:\Windows\SYSTEM32\combase.dll
0x00007ffd4e450000 - 0x00007ffd4e594000 	C:\Windows\system32\GDI32.dll
0x00007ffd4db40000 - 0x00007ffd4db54000 	C:\Windows\SYSTEM32\profapi.dll
0x00007ffd4c460000 - 0x00007ffd4c512000 	C:\Windows\SYSTEM32\SHCORE.dll
0x00007ffd4fbc0000 - 0x00007ffd4fbf4000 	C:\Windows\system32\IMM32.DLL
0x00007ffd4e050000 - 0x00007ffd4e1a1000 	C:\Windows\system32\MSCTF.dll
0x00007ffd4bdd0000 - 0x00007ffd4c02a000 	C:\Windows\WinSxS\amd64_microsoft.windows.common-controls_6595b64144ccf1df_6.0.9600.17031_none_6242a4b3ecbb55a1\COMCTL32.dll
0x00000000676a0000 - 0x0000000067772000 	C:\Program Files\Java\jre1.8.0_31\bin\msvcr100.dll
0x00000000677d0000 - 0x000000006802a000 	C:\Program Files\Java\jre1.8.0_31\bin\server\jvm.dll
0x00007ffd42ca0000 - 0x00007ffd42ca9000 	C:\Windows\SYSTEM32\WSOCK32.dll
0x00007ffd48d90000 - 0x00007ffd48daf000 	C:\Windows\SYSTEM32\WINMM.dll
0x00007ffd4e300000 - 0x00007ffd4e307000 	C:\Windows\system32\PSAPI.DLL
0x00007ffd50720000 - 0x00007ffd50778000 	C:\Windows\system32\WS2_32.dll
0x00007ffd48d60000 - 0x00007ffd48d8a000 	C:\Windows\SYSTEM32\WINMMBASE.dll
0x00007ffd4fc90000 - 0x00007ffd4fc99000 	C:\Windows\system32\NSI.dll
0x00007ffd4e000000 - 0x00007ffd4e04a000 	C:\Windows\SYSTEM32\cfgmgr32.dll
0x00007ffd4c9b0000 - 0x00007ffd4c9d6000 	C:\Windows\SYSTEM32\DEVOBJ.dll
0x00000000691e0000 - 0x00000000691ef000 	C:\Program Files\Java\jre1.8.0_31\bin\verify.dll
0x0000000068180000 - 0x00000000681a8000 	C:\Program Files\Java\jre1.8.0_31\bin\java.dll
0x0000000068e40000 - 0x0000000068e56000 	C:\Program Files\Java\jre1.8.0_31\bin\zip.dll
0x00007ffd3e210000 - 0x00007ffd3e269000 	C:\Users\jack\Desktop\CallumGit\JACAPP\ShootEmUp\native\x64\lwjgl.dll
0x00007ffd303e0000 - 0x00007ffd30501000 	C:\Windows\SYSTEM32\OPENGL32.dll
0x00007ffd3cfa0000 - 0x00007ffd3cfcc000 	C:\Windows\SYSTEM32\GLU32.dll
0x00007ffd38220000 - 0x00007ffd38314000 	C:\Windows\SYSTEM32\DDRAW.dll
0x00007ffd4a4e0000 - 0x00007ffd4a4e9000 	C:\Windows\SYSTEM32\DCIMAN32.dll
0x00007ffd4c880000 - 0x00007ffd4c9a1000 	C:\Windows\system32\uxtheme.dll
0x00007ffd4c260000 - 0x00007ffd4c280000 	C:\Windows\SYSTEM32\dwmapi.dll
0x0000000180000000 - 0x000000018078e000 	C:\Windows\SYSTEM32\ig7icd64.dll
0x00007ffd4a5e0000 - 0x00007ffd4aa1b000 	C:\Windows\SYSTEM32\igdusc64.dll
0x00007ffd4dae0000 - 0x00007ffd4db25000 	C:\Windows\SYSTEM32\powrprof.dll
0x00007ffd4c870000 - 0x00007ffd4c87a000 	C:\Windows\SYSTEM32\kernel.appcore.dll
0x00007ffd4d9b0000 - 0x00007ffd4d9ba000 	C:\Windows\SYSTEM32\CRYPTBASE.dll
0x00007ffd4d950000 - 0x00007ffd4d9b0000 	C:\Windows\SYSTEM32\bcryptPrimitives.dll
0x0000000067500000 - 0x0000000067698000 	C:\Program Files\Java\jre1.8.0_31\bin\awt.dll
0x00007ffd504f0000 - 0x00007ffd505b1000 	C:\Windows\system32\OLEAUT32.dll
0x00007ffd4d3e0000 - 0x00007ffd4d3fe000 	C:\Windows\SYSTEM32\CRYPTSP.dll
0x00007ffd4d000000 - 0x00007ffd4d035000 	C:\Windows\system32\rsaenh.dll
0x00007ffd4d620000 - 0x00007ffd4d646000 	C:\Windows\SYSTEM32\bcrypt.dll
0x0000000068160000 - 0x000000006817a000 	C:\Program Files\Java\jre1.8.0_31\bin\net.dll
0x00007ffd4d380000 - 0x00007ffd4d3d8000 	C:\Windows\system32\mswsock.dll
0x00007ffd48af0000 - 0x00007ffd48b19000 	C:\Windows\SYSTEM32\IPHLPAPI.DLL
0x00007ffd48a80000 - 0x00007ffd48a8a000 	C:\Windows\SYSTEM32\WINNSI.DLL
0x00007ffd486b0000 - 0x00007ffd486c4000 	C:\Windows\SYSTEM32\dhcpcsvc6.DLL
0x00007ffd48790000 - 0x00007ffd487a9000 	C:\Windows\SYSTEM32\dhcpcsvc.DLL
0x00000000677b0000 - 0x00000000677c1000 	C:\Program Files\Java\jre1.8.0_31\bin\nio.dll
0x00007ffd505c0000 - 0x00007ffd50664000 	C:\Windows\SYSTEM32\clbcatq.dll
0x00007ffd3f270000 - 0x00007ffd3f3f8000 	C:\Windows\SYSTEM32\dbghelp.dll

VM Arguments:
jvm_args: -Djava.library.path=C:\Users\jack\Desktop\CallumGit\JACAPP\ShootEmUp\native\x64 -Dfile.encoding=Cp1252 
java_command: Main.ShootEmUp
java_class_path (initial): C:\Users\jack\Desktop\CallumGit\JACAPP\ShootEmUp\bin;C:\Users\jack\Desktop\CallumGit\JACAPP\ShootEmUp\lib\lwjgl.jar;C:\Users\jack\Desktop\CallumGit\JACAPP\ShootEmUp\lib\TWL.jar;C:\Users\jack\Desktop\CallumGit\JACAPP\ShootEmUp\res
Launcher Type: SUN_STANDARD

Environment Variables:
PATH=C:/Program Files/Java/jre1.8.0_31/bin/server;C:/Program Files/Java/jre1.8.0_31/bin;C:/Program Files/Java/jre1.8.0_31/lib/amd64;C:\ProgramData\Oracle\Java\javapath;C:\Program Files (x86)\Intel\iCLS Client\;C:\Program Files\Intel\iCLS Client\;C:\Windows\system32;C:\Windows;C:\Windows\System32\Wbem;C:\Windows\System32\WindowsPowerShell\v1.0\;C:\Program Files\Intel\Intel(R) Management Engine Components\DAL;C:\Program Files\Intel\Intel(R) Management Engine Components\IPT;C:\Program Files (x86)\Intel\Intel(R) Management Engine Components\DAL;C:\Program Files (x86)\Intel\Intel(R) Management Engine Components\IPT;C:\Program Files (x86)\Windows Live\Shared;C:\Program Files\MiKTeX 2.9\miktex\bin\x64\;C:\Program Files (x86)\Windows Kits\8.1\Windows Performance Toolkit\;C:\Program Files\Microsoft SQL Server\110\Tools\Binn\;C:\Program Files (x86)\Microsoft SDKs\TypeScript\1.0\;C:\Program Files\Microsoft SQL Server\120\Tools\Binn\;C:\Users\jack\Desktop\eclipse\Luna\eclipse;
USERNAME=jack
OS=Windows_NT
PROCESSOR_IDENTIFIER=Intel64 Family 6 Model 58 Stepping 9, GenuineIntel



---------------  S Y S T E M  ---------------

OS: Windows 8.1 , 64 bit Build 9600 

CPU:total 2 (2 cores per cpu, 1 threads per core) family 6 model 58 stepping 9, cmov, cx8, fxsr, mmx, sse, sse2, sse3, ssse3, sse4.1, sse4.2, popcnt, clmul, erms, tsc, tscinvbit, tscinv

Memory: 4k page, physical 4066584k(647700k free), swap 6329156k(1336984k free)

vm_info: Java HotSpot(TM) 64-Bit Server VM (25.31-b07) for windows-amd64 JRE (1.8.0_31-b13), built on Dec 17 2014 21:00:28 by "java_re" with MS VC++ 10.0 (VS2010)

time: Wed Apr 01 18:05:27 2015
elapsed time: 1 seconds (0d 0h 0m 1s)

