#
# A fatal error has been detected by the Java Runtime Environment:
#
#  EXCEPTION_ACCESS_VIOLATION (0xc0000005) at pc=0x0000000180083e80, pid=7736, tid=7352
#
# JRE version: Java(TM) SE Runtime Environment (8.0_31-b13) (build 1.8.0_31-b13)
# Java VM: Java HotSpot(TM) 64-Bit Server VM (25.31-b07 mixed mode windows-amd64 compressed oops)
# Problematic frame:
# C  [ig7icd64.dll+0x83e80]
#
# Failed to write core dump. Minidumps are not enabled by default on client versions of Windows
#
# If you would like to submit a bug report, please visit:
#   http://bugreport.java.com/bugreport/crash.jsp
# The crash happened outside the Java Virtual Machine in native code.
# See problematic frame for where to report the bug.
#

---------------  T H R E A D  ---------------

Current thread (0x0000000001dc0800):  JavaThread "main" [_thread_in_native, id=7352, stack(0x0000000001bf0000,0x0000000001cf0000)]

siginfo: ExceptionCode=0xc0000005, reading address 0x0000000000000000

Registers:
RAX=0x0000000000000000, RBX=0x0000000016faa000, RCX=0x0000000000000000, RDX=0x0000000000000000
RSP=0x0000000001ceec70, RBP=0x0000000015a7fa00, RSI=0x0000000000000002, RDI=0x0000000016faa000
R8 =0x0000000000000006, R9 =0x0000000000000000, R10=0x0000000000000001, R11=0x0000000001ceec00
R12=0x0000000000000006, R13=0x00000000189304d8, R14=0x00000000189304b0, R15=0x0000000015a98338
RIP=0x0000000180083e80, EFLAGS=0x0000000000010202

Top of Stack: (sp=0x0000000001ceec70)
0x0000000001ceec70:   0000000000060000 00000000189304b0
0x0000000001ceec80:   00000000189304b0 0000000016faa000
0x0000000001ceec90:   0000000000000006 0000000180085903
0x0000000001ceeca0:   0000000000060000 0000000000000002
0x0000000001ceecb0:   0000000015a7fa00 0000000000000000
0x0000000001ceecc0:   001605ca5ffd0001 0000000001dc0800
0x0000000001ceecd0:   0000000000000000 0000000180279c53
0x0000000001ceece0:   0000000013d5f5d0 0000000000000006
0x0000000001ceecf0:   0000000000000004 0000000000000006
0x0000000001ceed00:   0000000000000000 0000000015a982f0
0x0000000001ceed10:   00000000000000ff 0000000180082fc5
0x0000000001ceed20:   0000000000000002 0000000015a7fa00
0x0000000001ceed30:   0000000001ceef28 0000000015a7fa00
0x0000000001ceed40:   0000000000000000 0000000000000004
0x0000000001ceed50:   0000000000000006 0000000180158554
0x0000000001ceed60:   001605ca5ffd0004 000000010008fe88 

Instructions: (pc=0x0000000180083e80)
0x0000000180083e60:   10 0f 28 3c 24 41 83 e0 0f 74 4a 45 8b d0 44 8b
0x0000000180083e70:   c9 49 c1 ea 02 4d 85 d2 74 1e 66 0f 1f 44 00 00
0x0000000180083e80:   8b 02 41 ff c1 48 83 c7 04 89 47 fc 41 8b c1 48
0x0000000180083e90:   83 c2 04 49 3b c2 72 e8 41 83 e0 03 76 17 48 2b 


Register to memory mapping:

RAX=0x0000000000000000 is an unknown value
RBX=0x0000000016faa000 is an unknown value
RCX=0x0000000000000000 is an unknown value
RDX=0x0000000000000000 is an unknown value
RSP=0x0000000001ceec70 is pointing into the stack for thread: 0x0000000001dc0800
RBP=0x0000000015a7fa00 is an unknown value
RSI=0x0000000000000002 is an unknown value
RDI=0x0000000016faa000 is an unknown value
R8 =0x0000000000000006 is an unknown value
R9 =0x0000000000000000 is an unknown value
R10=0x0000000000000001 is an unknown value
R11=0x0000000001ceec00 is pointing into the stack for thread: 0x0000000001dc0800
R12=0x0000000000000006 is an unknown value
R13=0x00000000189304d8 is an unknown value
R14=0x00000000189304b0 is an unknown value
R15=0x0000000015a98338 is an unknown value


Stack: [0x0000000001bf0000,0x0000000001cf0000],  sp=0x0000000001ceec70,  free space=1019k
Native frames: (J=compiled Java code, j=interpreted, Vv=VM code, C=native code)
C  [ig7icd64.dll+0x83e80]
C  [ig7icd64.dll+0x85903]
C  [ig7icd64.dll+0x82fc5]
C  [ig7icd64.dll+0x158554]
C  [ig7icd64.dll+0x1586b1]
C  [ig7icd64.dll+0x159e71]
C  0x0000000001ed3894

Java frames: (J=compiled Java code, j=interpreted, Vv=VM code)
j  org.lwjgl.opengl.GL11.nglDrawElements(IIIJJ)V+0
j  org.lwjgl.opengl.GL11.nglDrawElements(IIIJ)V+26
j  org.lwjgl.opengl.GL11.glDrawElements(IIIJ)V+17
j  Display.DPDTRenderer.draw(ILMath/Vector2;LMath/Vector2;FLMath/Vector2;LMath/Vector2;)V+231
j  Display.HudElement.render(LDisplay/DPDTRenderer;)V+25
j  Display.Hud.render(LDisplay/DPDTRenderer;)V+23
j  Main.Level.render()V+134
j  Main.ShootEmUp.render()V+19
j  Main.ShootEmUp.loop()V+81
j  Main.ShootEmUp.run()V+5
j  Main.ShootEmUp.main([Ljava/lang/String;)V+7
v  ~StubRoutines::call_stub

---------------  P R O C E S S  ---------------

Java Threads: ( => current thread )
  0x00000000180bf800 JavaThread "Java2D Disposer" daemon [_thread_blocked, id=7332, stack(0x0000000018e90000,0x0000000018f90000)]
  0x00000000142a5800 JavaThread "Service Thread" daemon [_thread_blocked, id=8640, stack(0x0000000015370000,0x0000000015470000)]
  0x000000001423f000 JavaThread "C1 CompilerThread1" daemon [_thread_blocked, id=2620, stack(0x0000000015270000,0x0000000015370000)]
  0x0000000014238800 JavaThread "C2 CompilerThread0" daemon [_thread_blocked, id=9172, stack(0x0000000015170000,0x0000000015270000)]
  0x0000000014237000 JavaThread "Attach Listener" daemon [_thread_blocked, id=7472, stack(0x0000000015070000,0x0000000015170000)]
  0x0000000014235800 JavaThread "Signal Dispatcher" daemon [_thread_blocked, id=6332, stack(0x0000000014f70000,0x0000000015070000)]
  0x00000000141f6800 JavaThread "Finalizer" daemon [_thread_blocked, id=7080, stack(0x0000000014e70000,0x0000000014f70000)]
  0x00000000141ef800 JavaThread "Reference Handler" daemon [_thread_blocked, id=364, stack(0x0000000014d70000,0x0000000014e70000)]
=>0x0000000001dc0800 JavaThread "main" [_thread_in_native, id=7352, stack(0x0000000001bf0000,0x0000000001cf0000)]

Other Threads:
  0x00000000141e9800 VMThread [stack: 0x0000000014c70000,0x0000000014d70000] [id=8116]
  0x00000000142a9000 WatcherThread [stack: 0x0000000015470000,0x0000000015570000] [id=8484]

VM state:not at safepoint (normal execution)

VM Mutex/Monitor currently owned by a thread: None

Heap:
 PSYoungGen      total 18944K, used 3350K [0x00000000eb500000, 0x00000000eca00000, 0x0000000100000000)
  eden space 16384K, 5% used [0x00000000eb500000,0x00000000eb5cd6c8,0x00000000ec500000)
  from space 2560K, 98% used [0x00000000ec500000,0x00000000ec7782f0,0x00000000ec780000)
  to   space 2560K, 0% used [0x00000000ec780000,0x00000000ec780000,0x00000000eca00000)
 ParOldGen       total 44032K, used 1363K [0x00000000c1e00000, 0x00000000c4900000, 0x00000000eb500000)
  object space 44032K, 3% used [0x00000000c1e00000,0x00000000c1f54e10,0x00000000c4900000)
 Metaspace       used 9792K, capacity 9876K, committed 10240K, reserved 1058816K
  class space    used 872K, capacity 918K, committed 1024K, reserved 1048576K

Card table byte_map: [0x0000000011280000,0x0000000011480000] byte_map_base: 0x0000000010c71000

Marking Bits: (ParMarkBitMap*) 0x0000000067fad4f0
 Begin Bits: [0x00000000117d0000, 0x0000000012758000)
 End Bits:   [0x0000000012758000, 0x00000000136e0000)

Polling page: 0x0000000000390000

CodeCache: size=245760Kb used=2602Kb max_used=2612Kb free=243157Kb
 bounds [0x0000000001ec0000, 0x0000000002150000, 0x0000000010ec0000]
 total_blobs=1253 nmethods=648 adapters=520
 compilation: enabled

Compilation events (10 events):
Event: 1.615 Thread 0x000000001423f000 nmethod 646 0x0000000002143d50 code [0x0000000002143ec0, 0x00000000021440e8]
Event: 1.615 Thread 0x000000001423f000  647       3       org.lwjgl.opengl.GL::getCapabilities (29 bytes)
Event: 1.616 Thread 0x000000001423f000 nmethod 647 0x0000000002147bd0 code [0x0000000002147d60, 0x0000000002148118]
Event: 1.617 Thread 0x0000000014238800 nmethod 611 0x000000000214aa10 code [0x000000000214abe0, 0x000000000214b058]
Event: 1.617 Thread 0x0000000014238800  645       4       java.nio.DirectFloatBufferU::put (154 bytes)
Event: 1.621 Thread 0x0000000014238800 nmethod 645 0x000000000214bcd0 code [0x000000000214be20, 0x000000000214c008]
Event: 1.621 Thread 0x0000000014238800  644       4       java.nio.FloatBuffer::put (9 bytes)
Event: 1.625 Thread 0x0000000014238800 nmethod 644 0x00000000021476d0 code [0x0000000002147820, 0x00000000021479e8]
Event: 1.643 Thread 0x000000001423f000  648       3       Math.Matrix4::get (7 bytes)
Event: 1.644 Thread 0x000000001423f000 nmethod 648 0x000000000214b710 code [0x000000000214b860, 0x000000000214b9d0]

GC Heap History (2 events):
Event: 1.563 GC heap before
{Heap before GC invocations=1 (full 0):
 PSYoungGen      total 18944K, used 16384K [0x00000000eb500000, 0x00000000eca00000, 0x0000000100000000)
  eden space 16384K, 100% used [0x00000000eb500000,0x00000000ec500000,0x00000000ec500000)
  from space 2560K, 0% used [0x00000000ec780000,0x00000000ec780000,0x00000000eca00000)
  to   space 2560K, 0% used [0x00000000ec500000,0x00000000ec500000,0x00000000ec780000)
 ParOldGen       total 44032K, used 0K [0x00000000c1e00000, 0x00000000c4900000, 0x00000000eb500000)
  object space 44032K, 0% used [0x00000000c1e00000,0x00000000c1e00000,0x00000000c4900000)
 Metaspace       used 9752K, capacity 9876K, committed 10240K, reserved 1058816K
  class space    used 869K, capacity 918K, committed 1024K, reserved 1048576K
Event: 1.572 GC heap after
Heap after GC invocations=1 (full 0):
 PSYoungGen      total 18944K, used 2528K [0x00000000eb500000, 0x00000000eca00000, 0x0000000100000000)
  eden space 16384K, 0% used [0x00000000eb500000,0x00000000eb500000,0x00000000ec500000)
  from space 2560K, 98% used [0x00000000ec500000,0x00000000ec7782f0,0x00000000ec780000)
  to   space 2560K, 0% used [0x00000000ec780000,0x00000000ec780000,0x00000000eca00000)
 ParOldGen       total 44032K, used 1363K [0x00000000c1e00000, 0x00000000c4900000, 0x00000000eb500000)
  object space 44032K, 3% used [0x00000000c1e00000,0x00000000c1f54e10,0x00000000c4900000)
 Metaspace       used 9752K, capacity 9876K, committed 10240K, reserved 1058816K
  class space    used 869K, capacity 918K, committed 1024K, reserved 1048576K
}

Deoptimization events (0 events):
No events

Internal exceptions (10 events):
Event: 1.528 Thread 0x0000000001dc0800 Exception <a 'java/security/PrivilegedActionException'> (0x00000000ec230640) thrown at [C:\workspace\8-2-build-windows-amd64-cygwin\jdk8u31\2394\hotspot\src\share\vm\prims\jvm.cpp, line 1312]
Event: 1.529 Thread 0x0000000001dc0800 Exception <a 'java/security/PrivilegedActionException'> (0x00000000ec232638) thrown at [C:\workspace\8-2-build-windows-amd64-cygwin\jdk8u31\2394\hotspot\src\share\vm\prims\jvm.cpp, line 1312]
Event: 1.531 Thread 0x0000000001dc0800 Exception <a 'java/security/PrivilegedActionException'> (0x00000000ec235a40) thrown at [C:\workspace\8-2-build-windows-amd64-cygwin\jdk8u31\2394\hotspot\src\share\vm\prims\jvm.cpp, line 1312]
Event: 1.534 Thread 0x0000000001dc0800 Exception <a 'java/security/PrivilegedActionException'> (0x00000000ec2378b8) thrown at [C:\workspace\8-2-build-windows-amd64-cygwin\jdk8u31\2394\hotspot\src\share\vm\prims\jvm.cpp, line 1312]
Event: 1.536 Thread 0x0000000001dc0800 Exception <a 'java/security/PrivilegedActionException'> (0x00000000ec2397f0) thrown at [C:\workspace\8-2-build-windows-amd64-cygwin\jdk8u31\2394\hotspot\src\share\vm\prims\jvm.cpp, line 1312]
Event: 1.538 Thread 0x0000000001dc0800 Exception <a 'java/security/PrivilegedActionException'> (0x00000000ec23b618) thrown at [C:\workspace\8-2-build-windows-amd64-cygwin\jdk8u31\2394\hotspot\src\share\vm\prims\jvm.cpp, line 1312]
Event: 1.583 Thread 0x0000000001dc0800 Exception <a 'java/security/PrivilegedActionException'> (0x00000000eb56e8f0) thrown at [C:\workspace\8-2-build-windows-amd64-cygwin\jdk8u31\2394\hotspot\src\share\vm\prims\jvm.cpp, line 1312]
Event: 1.620 Thread 0x0000000001dc0800 Exception <a 'java/security/PrivilegedActionException'> (0x00000000eb572a90) thrown at [C:\workspace\8-2-build-windows-amd64-cygwin\jdk8u31\2394\hotspot\src\share\vm\prims\jvm.cpp, line 1312]
Event: 1.622 Thread 0x0000000001dc0800 Exception <a 'java/security/PrivilegedActionException'> (0x00000000eb5745c0) thrown at [C:\workspace\8-2-build-windows-amd64-cygwin\jdk8u31\2394\hotspot\src\share\vm\prims\jvm.cpp, line 1312]
Event: 1.643 Thread 0x0000000001dc0800 Exception <a 'java/security/PrivilegedActionException'> (0x00000000eb577268) thrown at [C:\workspace\8-2-build-windows-amd64-cygwin\jdk8u31\2394\hotspot\src\share\vm\prims\jvm.cpp, line 1312]

Events (10 events):
Event: 1.583 loading class Display/IRenderer
Event: 1.583 loading class Display/IRenderer done
Event: 1.620 loading class Input/Keyboard
Event: 1.620 loading class Input/Keyboard done
Event: 1.622 loading class Input/Keyboard$1
Event: 1.622 loading class Input/Keyboard$1 done
Event: 1.643 loading class java/util/concurrent/CopyOnWriteArrayList$COWIterator
Event: 1.643 loading class java/util/concurrent/CopyOnWriteArrayList$COWIterator done
Event: 1.643 loading class Math/Vector3
Event: 1.643 loading class Math/Vector3 done


Dynamic libraries:
0x00007ff62dad0000 - 0x00007ff62db04000 	C:\Program Files\Java\jre1.8.0_31\bin\javaw.exe
0x00007ffd51910000 - 0x00007ffd51abc000 	C:\Windows\SYSTEM32\ntdll.dll
0x00007ffd4e1b0000 - 0x00007ffd4e2ea000 	C:\Windows\system32\KERNEL32.DLL
0x00007ffd4dc10000 - 0x00007ffd4dd1f000 	C:\Windows\system32\KERNELBASE.dll
0x00007ffd4c7d0000 - 0x00007ffd4c858000 	C:\Windows\system32\apphelp.dll
0x00007ffd3dba0000 - 0x00007ffd3dbef000 	C:\Windows\AppPatch\AppPatch64\AcGenral.DLL
0x00007ffd50670000 - 0x00007ffd50717000 	C:\Windows\system32\msvcrt.dll
0x00007ffd4d920000 - 0x00007ffd4d94b000 	C:\Windows\SYSTEM32\SspiCli.dll
0x00007ffd50490000 - 0x00007ffd504e1000 	C:\Windows\system32\SHLWAPI.dll
0x00007ffd50170000 - 0x00007ffd502e1000 	C:\Windows\system32\USER32.dll
0x00007ffd50780000 - 0x00007ffd508f8000 	C:\Windows\system32\ole32.dll
0x00007ffd4e5a0000 - 0x00007ffd4fab8000 	C:\Windows\system32\SHELL32.dll
0x00007ffd4d0f0000 - 0x00007ffd4d10e000 	C:\Windows\SYSTEM32\USERENV.dll
0x00007ffd4fee0000 - 0x00007ffd4ff85000 	C:\Windows\system32\ADVAPI32.dll
0x00007ffd40330000 - 0x00007ffd4034b000 	C:\Windows\SYSTEM32\MPR.dll
0x00007ffd4e310000 - 0x00007ffd4e447000 	C:\Windows\system32\RPCRT4.dll
0x00007ffd4fb60000 - 0x00007ffd4fbb7000 	C:\Windows\SYSTEM32\sechost.dll
0x00007ffd4fca0000 - 0x00007ffd4fe76000 	C:\Windows\SYSTEM32\combase.dll
0x00007ffd4e450000 - 0x00007ffd4e594000 	C:\Windows\system32\GDI32.dll
0x00007ffd4db40000 - 0x00007ffd4db54000 	C:\Windows\SYSTEM32\profapi.dll
0x00007ffd4c460000 - 0x00007ffd4c512000 	C:\Windows\SYSTEM32\SHCORE.dll
0x00007ffd4fbc0000 - 0x00007ffd4fbf4000 	C:\Windows\system32\IMM32.DLL
0x00007ffd4e050000 - 0x00007ffd4e1a1000 	C:\Windows\system32\MSCTF.dll
0x00007ffd4bdd0000 - 0x00007ffd4c02a000 	C:\Windows\WinSxS\amd64_microsoft.windows.common-controls_6595b64144ccf1df_6.0.9600.17031_none_6242a4b3ecbb55a1\COMCTL32.dll
0x00000000676a0000 - 0x0000000067772000 	C:\Program Files\Java\jre1.8.0_31\bin\msvcr100.dll
0x00000000677d0000 - 0x000000006802a000 	C:\Program Files\Java\jre1.8.0_31\bin\server\jvm.dll
0x00007ffd42ca0000 - 0x00007ffd42ca9000 	C:\Windows\SYSTEM32\WSOCK32.dll
0x00007ffd48d90000 - 0x00007ffd48daf000 	C:\Windows\SYSTEM32\WINMM.dll
0x00007ffd4e300000 - 0x00007ffd4e307000 	C:\Windows\system32\PSAPI.DLL
0x00007ffd50720000 - 0x00007ffd50778000 	C:\Windows\system32\WS2_32.dll
0x00007ffd48d60000 - 0x00007ffd48d8a000 	C:\Windows\SYSTEM32\WINMMBASE.dll
0x00007ffd4fc90000 - 0x00007ffd4fc99000 	C:\Windows\system32\NSI.dll
0x00007ffd4e000000 - 0x00007ffd4e04a000 	C:\Windows\SYSTEM32\cfgmgr32.dll
0x00007ffd4c9b0000 - 0x00007ffd4c9d6000 	C:\Windows\SYSTEM32\DEVOBJ.dll
0x00000000691e0000 - 0x00000000691ef000 	C:\Program Files\Java\jre1.8.0_31\bin\verify.dll
0x0000000068180000 - 0x00000000681a8000 	C:\Program Files\Java\jre1.8.0_31\bin\java.dll
0x0000000068e40000 - 0x0000000068e56000 	C:\Program Files\Java\jre1.8.0_31\bin\zip.dll
0x00007ffd3ba10000 - 0x00007ffd3ba69000 	C:\Users\jack\Desktop\CallumGit\JACAPP\ShootEmUp\native\x64\lwjgl.dll
0x00007ffd303e0000 - 0x00007ffd30501000 	C:\Windows\SYSTEM32\OPENGL32.dll
0x00007ffd3cfa0000 - 0x00007ffd3cfcc000 	C:\Windows\SYSTEM32\GLU32.dll
0x00007ffd38220000 - 0x00007ffd38314000 	C:\Windows\SYSTEM32\DDRAW.dll
0x00007ffd4a4e0000 - 0x00007ffd4a4e9000 	C:\Windows\SYSTEM32\DCIMAN32.dll
0x00007ffd4c880000 - 0x00007ffd4c9a1000 	C:\Windows\system32\uxtheme.dll
0x00007ffd4c260000 - 0x00007ffd4c280000 	C:\Windows\SYSTEM32\dwmapi.dll
0x0000000180000000 - 0x000000018078e000 	C:\Windows\SYSTEM32\ig7icd64.dll
0x00007ffd4a5e0000 - 0x00007ffd4aa1b000 	C:\Windows\SYSTEM32\igdusc64.dll
0x00007ffd4dae0000 - 0x00007ffd4db25000 	C:\Windows\SYSTEM32\powrprof.dll
0x00007ffd4c870000 - 0x00007ffd4c87a000 	C:\Windows\SYSTEM32\kernel.appcore.dll
0x00007ffd4d9b0000 - 0x00007ffd4d9ba000 	C:\Windows\SYSTEM32\CRYPTBASE.dll
0x00007ffd4d950000 - 0x00007ffd4d9b0000 	C:\Windows\SYSTEM32\bcryptPrimitives.dll
0x0000000067500000 - 0x0000000067698000 	C:\Program Files\Java\jre1.8.0_31\bin\awt.dll
0x00007ffd504f0000 - 0x00007ffd505b1000 	C:\Windows\system32\OLEAUT32.dll
0x00007ffd4d3e0000 - 0x00007ffd4d3fe000 	C:\Windows\SYSTEM32\CRYPTSP.dll
0x00007ffd4d000000 - 0x00007ffd4d035000 	C:\Windows\system32\rsaenh.dll
0x00007ffd4d620000 - 0x00007ffd4d646000 	C:\Windows\SYSTEM32\bcrypt.dll
0x0000000068160000 - 0x000000006817a000 	C:\Program Files\Java\jre1.8.0_31\bin\net.dll
0x00007ffd4d380000 - 0x00007ffd4d3d8000 	C:\Windows\system32\mswsock.dll
0x00007ffd48af0000 - 0x00007ffd48b19000 	C:\Windows\SYSTEM32\IPHLPAPI.DLL
0x00007ffd48a80000 - 0x00007ffd48a8a000 	C:\Windows\SYSTEM32\WINNSI.DLL
0x00007ffd486b0000 - 0x00007ffd486c4000 	C:\Windows\SYSTEM32\dhcpcsvc6.DLL
0x00007ffd48790000 - 0x00007ffd487a9000 	C:\Windows\SYSTEM32\dhcpcsvc.DLL
0x00000000677b0000 - 0x00000000677c1000 	C:\Program Files\Java\jre1.8.0_31\bin\nio.dll
0x00007ffd505c0000 - 0x00007ffd50664000 	C:\Windows\SYSTEM32\clbcatq.dll
0x00007ffd3f270000 - 0x00007ffd3f3f8000 	C:\Windows\SYSTEM32\dbghelp.dll

VM Arguments:
jvm_args: -Djava.library.path=C:\Users\jack\Desktop\CallumGit\JACAPP\ShootEmUp\native\x64 -Dfile.encoding=Cp1252 
java_command: Main.ShootEmUp
java_class_path (initial): C:\Users\jack\Desktop\CallumGit\JACAPP\ShootEmUp\bin;C:\Users\jack\Desktop\CallumGit\JACAPP\ShootEmUp\lib\lwjgl.jar;C:\Users\jack\Desktop\CallumGit\JACAPP\ShootEmUp\lib\TWL.jar;C:\Users\jack\Desktop\CallumGit\JACAPP\ShootEmUp\res
Launcher Type: SUN_STANDARD

Environment Variables:
PATH=C:/Program Files/Java/jre1.8.0_31/bin/server;C:/Program Files/Java/jre1.8.0_31/bin;C:/Program Files/Java/jre1.8.0_31/lib/amd64;C:\ProgramData\Oracle\Java\javapath;C:\Program Files (x86)\Intel\iCLS Client\;C:\Program Files\Intel\iCLS Client\;C:\Windows\system32;C:\Windows;C:\Windows\System32\Wbem;C:\Windows\System32\WindowsPowerShell\v1.0\;C:\Program Files\Intel\Intel(R) Management Engine Components\DAL;C:\Program Files\Intel\Intel(R) Management Engine Components\IPT;C:\Program Files (x86)\Intel\Intel(R) Management Engine Components\DAL;C:\Program Files (x86)\Intel\Intel(R) Management Engine Components\IPT;C:\Program Files (x86)\Windows Live\Shared;C:\Program Files\MiKTeX 2.9\miktex\bin\x64\;C:\Program Files (x86)\Windows Kits\8.1\Windows Performance Toolkit\;C:\Program Files\Microsoft SQL Server\110\Tools\Binn\;C:\Program Files (x86)\Microsoft SDKs\TypeScript\1.0\;C:\Program Files\Microsoft SQL Server\120\Tools\Binn\;C:\Users\jack\Desktop\eclipse\Luna\eclipse;
USERNAME=jack
OS=Windows_NT
PROCESSOR_IDENTIFIER=Intel64 Family 6 Model 58 Stepping 9, GenuineIntel



---------------  S Y S T E M  ---------------

OS: Windows 8.1 , 64 bit Build 9600 

CPU:total 2 (2 cores per cpu, 1 threads per core) family 6 model 58 stepping 9, cmov, cx8, fxsr, mmx, sse, sse2, sse3, ssse3, sse4.1, sse4.2, popcnt, clmul, erms, tsc, tscinvbit, tscinv

Memory: 4k page, physical 4066584k(519472k free), swap 6329156k(1301380k free)

vm_info: Java HotSpot(TM) 64-Bit Server VM (25.31-b07) for windows-amd64 JRE (1.8.0_31-b13), built on Dec 17 2014 21:00:28 by "java_re" with MS VC++ 10.0 (VS2010)

time: Wed Apr 01 18:16:43 2015
elapsed time: 1 seconds (0d 0h 0m 1s)

