#
# A fatal error has been detected by the Java Runtime Environment:
#
#  EXCEPTION_ACCESS_VIOLATION (0xc0000005) at pc=0x0000000180083e80, pid=9008, tid=1552
#
# JRE version: Java(TM) SE Runtime Environment (8.0_31-b13) (build 1.8.0_31-b13)
# Java VM: Java HotSpot(TM) 64-Bit Server VM (25.31-b07 mixed mode windows-amd64 compressed oops)
# Problematic frame:
# C  [ig7icd64.dll+0x83e80]
#
# Failed to write core dump. Minidumps are not enabled by default on client versions of Windows
#
# If you would like to submit a bug report, please visit:
#   http://bugreport.java.com/bugreport/crash.jsp
# The crash happened outside the Java Virtual Machine in native code.
# See problematic frame for where to report the bug.
#

---------------  T H R E A D  ---------------

Current thread (0x00000000029f0800):  JavaThread "main" [_thread_in_native, id=1552, stack(0x0000000002830000,0x0000000002930000)]

siginfo: ExceptionCode=0xc0000005, reading address 0x0000000000000000

Registers:
RAX=0x0000000000000000, RBX=0x0000000017ab2000, RCX=0x0000000000000000, RDX=0x0000000000000000
RSP=0x000000000292f340, RBP=0x00000000167ffa00, RSI=0x0000000000000002, RDI=0x0000000017ab2000
R8 =0x0000000000000006, R9 =0x0000000000000000, R10=0x0000000000000001, R11=0x000000000292f2d0
R12=0x0000000000000006, R13=0x0000000018cb2118, R14=0x0000000018cb20f0, R15=0x0000000016818338
RIP=0x0000000180083e80, EFLAGS=0x0000000000010202

Top of Stack: (sp=0x000000000292f340)
0x000000000292f340:   0000000000060000 0000000018cb20f0
0x000000000292f350:   0000000018cb20f0 0000000017ab2000
0x000000000292f360:   0000000000000006 0000000180085903
0x000000000292f370:   0000000000060000 0000000000000002
0x000000000292f380:   00000000167ffa00 00000000167ffa00
0x000000000292f390:   0000000000000001 0000000018019c10
0x000000000292f3a0:   0000000000000000 000000018027a16b
0x000000000292f3b0:   000000000292f630 0000000000000006
0x000000000292f3c0:   0000000000000004 0000000000000006
0x000000000292f3d0:   0000000000000000 00000000168182f0
0x000000000292f3e0:   00000000000000ff 0000000180082fc5
0x000000000292f3f0:   ffffffffffffffff 00000000167ffa00
0x000000000292f400:   000000000292f578 00000000167ffa00
0x000000000292f410:   0000000000000000 0000000000000004
0x000000000292f420:   0000000000000006 0000000180158554
0x000000000292f430:   001605ca7ffd0004 0000000019ac2150 

Instructions: (pc=0x0000000180083e80)
0x0000000180083e60:   10 0f 28 3c 24 41 83 e0 0f 74 4a 45 8b d0 44 8b
0x0000000180083e70:   c9 49 c1 ea 02 4d 85 d2 74 1e 66 0f 1f 44 00 00
0x0000000180083e80:   8b 02 41 ff c1 48 83 c7 04 89 47 fc 41 8b c1 48
0x0000000180083e90:   83 c2 04 49 3b c2 72 e8 41 83 e0 03 76 17 48 2b 


Register to memory mapping:

RAX=0x0000000000000000 is an unknown value
RBX=0x0000000017ab2000 is an unknown value
RCX=0x0000000000000000 is an unknown value
RDX=0x0000000000000000 is an unknown value
RSP=0x000000000292f340 is pointing into the stack for thread: 0x00000000029f0800
RBP=0x00000000167ffa00 is an unknown value
RSI=0x0000000000000002 is an unknown value
RDI=0x0000000017ab2000 is an unknown value
R8 =0x0000000000000006 is an unknown value
R9 =0x0000000000000000 is an unknown value
R10=0x0000000000000001 is an unknown value
R11=0x000000000292f2d0 is pointing into the stack for thread: 0x00000000029f0800
R12=0x0000000000000006 is an unknown value
R13=0x0000000018cb2118 is an unknown value
R14=0x0000000018cb20f0 is an unknown value
R15=0x0000000016818338 is an unknown value


Stack: [0x0000000002830000,0x0000000002930000],  sp=0x000000000292f340,  free space=1020k
Native frames: (J=compiled Java code, j=interpreted, Vv=VM code, C=native code)
C  [ig7icd64.dll+0x83e80]
C  [ig7icd64.dll+0x85903]
C  [ig7icd64.dll+0x82fc5]
C  [ig7icd64.dll+0x158554]
C  [ig7icd64.dll+0x1586b1]
C  [ig7icd64.dll+0x159e71]
C  0x0000000002d9de9c

Java frames: (J=compiled Java code, j=interpreted, Vv=VM code)
J 678  org.lwjgl.opengl.GL11.nglDrawElements(IIIJJ)V (0 bytes) @ 0x0000000002d9de16 [0x0000000002d9ddc0+0x56]
J 712 C2 Display.DPDTRenderer.draw(ILMath/Vector2;LMath/Vector2;FLMath/Vector2;LMath/Vector2;)V (250 bytes) @ 0x0000000002db5b8c [0x0000000002db4300+0x188c]
j  Object.Particle.render(LDisplay/DPDTRenderer;)V+60
j  Main.Level.update()V+39
j  Main.ShootEmUp.update()V+7
j  Main.ShootEmUp.loop()V+107
j  Main.ShootEmUp.run()V+5
j  Main.ShootEmUp.main([Ljava/lang/String;)V+7
v  ~StubRoutines::call_stub

---------------  P R O C E S S  ---------------

Java Threads: ( => current thread )
  0x00000000192a8000 JavaThread "Java2D Disposer" daemon [_thread_blocked, id=2556, stack(0x0000000019c10000,0x0000000019d10000)]
  0x0000000014eb9800 JavaThread "Service Thread" daemon [_thread_blocked, id=6212, stack(0x0000000015fa0000,0x00000000160a0000)]
  0x0000000014eb2800 JavaThread "C1 CompilerThread1" daemon [_thread_blocked, id=10032, stack(0x0000000015ea0000,0x0000000015fa0000)]
  0x0000000014e68800 JavaThread "C2 CompilerThread0" daemon [_thread_blocked, id=4108, stack(0x0000000015da0000,0x0000000015ea0000)]
  0x0000000014e67000 JavaThread "Attach Listener" daemon [_thread_blocked, id=3916, stack(0x0000000015ca0000,0x0000000015da0000)]
  0x0000000014e66000 JavaThread "Signal Dispatcher" daemon [_thread_blocked, id=5780, stack(0x0000000015ba0000,0x0000000015ca0000)]
  0x0000000014e26800 JavaThread "Finalizer" daemon [_thread_blocked, id=6876, stack(0x0000000015aa0000,0x0000000015ba0000)]
  0x0000000014e1f800 JavaThread "Reference Handler" daemon [_thread_blocked, id=7540, stack(0x00000000159a0000,0x0000000015aa0000)]
=>0x00000000029f0800 JavaThread "main" [_thread_in_native, id=1552, stack(0x0000000002830000,0x0000000002930000)]

Other Threads:
  0x0000000014e1a000 VMThread [stack: 0x00000000158a0000,0x00000000159a0000] [id=84]
  0x0000000014ebd000 WatcherThread [stack: 0x00000000160a0000,0x00000000161a0000] [id=1108]

VM state:not at safepoint (normal execution)

VM Mutex/Monitor currently owned by a thread: None

Heap:
 PSYoungGen      total 18944K, used 3788K [0x00000000eb500000, 0x00000000eca00000, 0x0000000100000000)
  eden space 16384K, 13% used [0x00000000eb500000,0x00000000eb737360,0x00000000ec500000)
  from space 2560K, 59% used [0x00000000ec780000,0x00000000ec8fc010,0x00000000eca00000)
  to   space 2560K, 0% used [0x00000000ec500000,0x00000000ec500000,0x00000000ec780000)
 ParOldGen       total 44032K, used 961K [0x00000000c1e00000, 0x00000000c4900000, 0x00000000eb500000)
  object space 44032K, 2% used [0x00000000c1e00000,0x00000000c1ef0680,0x00000000c4900000)
 Metaspace       used 9787K, capacity 9868K, committed 10240K, reserved 1058816K
  class space    used 870K, capacity 918K, committed 1024K, reserved 1048576K

Card table byte_map: [0x0000000011eb0000,0x00000000120b0000] byte_map_base: 0x00000000118a1000

Marking Bits: (ParMarkBitMap*) 0x00000000777dd4f0
 Begin Bits: [0x0000000012400000, 0x0000000013388000)
 End Bits:   [0x0000000013388000, 0x0000000014310000)

Polling page: 0x0000000002930000

CodeCache: size=245760Kb used=2830Kb max_used=2840Kb free=242929Kb
 bounds [0x0000000002af0000, 0x0000000002dc0000, 0x0000000011af0000]
 total_blobs=1319 nmethods=717 adapters=517
 compilation: enabled

Compilation events (10 events):
Event: 1.870 Thread 0x0000000014e68800  714       4       Math.Matrix4::rotate (322 bytes)
Event: 1.884 Thread 0x0000000014e68800 nmethod 714 0x0000000002dac590 code [0x0000000002dac720, 0x0000000002dace18]
Event: 1.884 Thread 0x0000000014e68800  713       4       Math.Vector3::normalize (37 bytes)
Event: 1.885 Thread 0x0000000014e68800 nmethod 713 0x0000000002dad350 code [0x0000000002dad480, 0x0000000002dad538]
Event: 1.913 Thread 0x0000000014e68800  715       4       java.awt.image.BufferedImage::getHeight (8 bytes)
Event: 1.914 Thread 0x0000000014e68800 nmethod 715 0x0000000002dad090 code [0x0000000002dad1c0, 0x0000000002dad238]
Event: 1.960 Thread 0x0000000014e68800  716       4       org.lwjgl.opengl.GL20::getInstance (7 bytes)
Event: 1.965 Thread 0x0000000014e68800 nmethod 716 0x0000000002db2210 code [0x0000000002db2360, 0x0000000002db2478]
Event: 2.109 Thread 0x0000000014eb2800  717       3       Input.Keyboard::getKey (6 bytes)
Event: 2.110 Thread 0x0000000014eb2800 nmethod 717 0x0000000002daee50 code [0x0000000002daefa0, 0x0000000002daf110]

GC Heap History (4 events):
Event: 1.509 GC heap before
{Heap before GC invocations=1 (full 0):
 PSYoungGen      total 18944K, used 16384K [0x00000000eb500000, 0x00000000eca00000, 0x0000000100000000)
  eden space 16384K, 100% used [0x00000000eb500000,0x00000000ec500000,0x00000000ec500000)
  from space 2560K, 0% used [0x00000000ec780000,0x00000000ec780000,0x00000000eca00000)
  to   space 2560K, 0% used [0x00000000ec500000,0x00000000ec500000,0x00000000ec780000)
 ParOldGen       total 44032K, used 0K [0x00000000c1e00000, 0x00000000c4900000, 0x00000000eb500000)
  object space 44032K, 0% used [0x00000000c1e00000,0x00000000c1e00000,0x00000000c4900000)
 Metaspace       used 9758K, capacity 9868K, committed 10240K, reserved 1058816K
  class space    used 869K, capacity 918K, committed 1024K, reserved 1048576K
Event: 1.515 GC heap after
Heap after GC invocations=1 (full 0):
 PSYoungGen      total 18944K, used 2547K [0x00000000eb500000, 0x00000000eca00000, 0x0000000100000000)
  eden space 16384K, 0% used [0x00000000eb500000,0x00000000eb500000,0x00000000ec500000)
  from space 2560K, 99% used [0x00000000ec500000,0x00000000ec77cf00,0x00000000ec780000)
  to   space 2560K, 0% used [0x00000000ec780000,0x00000000ec780000,0x00000000eca00000)
 ParOldGen       total 44032K, used 953K [0x00000000c1e00000, 0x00000000c4900000, 0x00000000eb500000)
  object space 44032K, 2% used [0x00000000c1e00000,0x00000000c1eee680,0x00000000c4900000)
 Metaspace       used 9758K, capacity 9868K, committed 10240K, reserved 1058816K
  class space    used 869K, capacity 918K, committed 1024K, reserved 1048576K
}
Event: 2.268 GC heap before
{Heap before GC invocations=2 (full 0):
 PSYoungGen      total 18944K, used 18931K [0x00000000eb500000, 0x00000000eca00000, 0x0000000100000000)
  eden space 16384K, 100% used [0x00000000eb500000,0x00000000ec500000,0x00000000ec500000)
  from space 2560K, 99% used [0x00000000ec500000,0x00000000ec77cf00,0x00000000ec780000)
  to   space 2560K, 0% used [0x00000000ec780000,0x00000000ec780000,0x00000000eca00000)
 ParOldGen       total 44032K, used 953K [0x00000000c1e00000, 0x00000000c4900000, 0x00000000eb500000)
  object space 44032K, 2% used [0x00000000c1e00000,0x00000000c1eee680,0x00000000c4900000)
 Metaspace       used 9784K, capacity 9868K, committed 10240K, reserved 1058816K
  class space    used 869K, capacity 918K, committed 1024K, reserved 1048576K
Event: 2.273 GC heap after
Heap after GC invocations=2 (full 0):
 PSYoungGen      total 18944K, used 1520K [0x00000000eb500000, 0x00000000eca00000, 0x0000000100000000)
  eden space 16384K, 0% used [0x00000000eb500000,0x00000000eb500000,0x00000000ec500000)
  from space 2560K, 59% used [0x00000000ec780000,0x00000000ec8fc010,0x00000000eca00000)
  to   space 2560K, 0% used [0x00000000ec500000,0x00000000ec500000,0x00000000ec780000)
 ParOldGen       total 44032K, used 961K [0x00000000c1e00000, 0x00000000c4900000, 0x00000000eb500000)
  object space 44032K, 2% used [0x00000000c1e00000,0x00000000c1ef0680,0x00000000c4900000)
 Metaspace       used 9784K, capacity 9868K, committed 10240K, reserved 1058816K
  class space    used 869K, capacity 918K, committed 1024K, reserved 1048576K
}

Deoptimization events (0 events):
No events

Internal exceptions (10 events):
Event: 1.358 Thread 0x00000000029f0800 Exception <a 'java/security/PrivilegedActionException'> (0x00000000ec1c0a08) thrown at [C:\workspace\8-2-build-windows-amd64-cygwin\jdk8u31\2394\hotspot\src\share\vm\prims\jvm.cpp, line 1312]
Event: 1.361 Thread 0x00000000029f0800 Exception <a 'java/security/PrivilegedActionException'> (0x00000000ec1c2e10) thrown at [C:\workspace\8-2-build-windows-amd64-cygwin\jdk8u31\2394\hotspot\src\share\vm\prims\jvm.cpp, line 1312]
Event: 1.362 Thread 0x00000000029f0800 Exception <a 'java/security/PrivilegedActionException'> (0x00000000ec1c4e28) thrown at [C:\workspace\8-2-build-windows-amd64-cygwin\jdk8u31\2394\hotspot\src\share\vm\prims\jvm.cpp, line 1312]
Event: 1.364 Thread 0x00000000029f0800 Exception <a 'java/security/PrivilegedActionException'> (0x00000000ec1c6d58) thrown at [C:\workspace\8-2-build-windows-amd64-cygwin\jdk8u31\2394\hotspot\src\share\vm\prims\jvm.cpp, line 1312]
Event: 1.366 Thread 0x00000000029f0800 Exception <a 'java/security/PrivilegedActionException'> (0x00000000ec1c8300) thrown at [C:\workspace\8-2-build-windows-amd64-cygwin\jdk8u31\2394\hotspot\src\share\vm\prims\jvm.cpp, line 1312]
Event: 1.367 Thread 0x00000000029f0800 Exception <a 'java/security/PrivilegedActionException'> (0x00000000ec1c97e0) thrown at [C:\workspace\8-2-build-windows-amd64-cygwin\jdk8u31\2394\hotspot\src\share\vm\prims\jvm.cpp, line 1312]
Event: 1.369 Thread 0x00000000029f0800 Exception <a 'java/security/PrivilegedActionException'> (0x00000000ec1cade8) thrown at [C:\workspace\8-2-build-windows-amd64-cygwin\jdk8u31\2394\hotspot\src\share\vm\prims\jvm.cpp, line 1312]
Event: 1.404 Thread 0x00000000029f0800 Exception <a 'java/security/PrivilegedActionException'> (0x00000000ec274a98) thrown at [C:\workspace\8-2-build-windows-amd64-cygwin\jdk8u31\2394\hotspot\src\share\vm\prims\jvm.cpp, line 1312]
Event: 1.407 Thread 0x00000000029f0800 Exception <a 'java/security/PrivilegedActionException'> (0x00000000ec2765c8) thrown at [C:\workspace\8-2-build-windows-amd64-cygwin\jdk8u31\2394\hotspot\src\share\vm\prims\jvm.cpp, line 1312]
Event: 2.391 Thread 0x00000000029f0800 Exception <a 'java/security/PrivilegedActionException'> (0x00000000eb7161a8) thrown at [C:\workspace\8-2-build-windows-amd64-cygwin\jdk8u31\2394\hotspot\src\share\vm\prims\jvm.cpp, line 1312]

Events (10 events):
Event: 1.482 Thread 0x00000000029f0800 DEOPT PACKING pc=0x0000000002d86055 sp=0x000000000292f420
Event: 1.482 Thread 0x00000000029f0800 DEOPT UNPACKING pc=0x0000000002b371bf sp=0x000000000292f130 mode 0
Event: 1.509 Executing VM operation: ParallelGCFailedAllocation
Event: 1.515 Executing VM operation: ParallelGCFailedAllocation done
Event: 1.984 loading class java/lang/StrictMath
Event: 1.984 loading class java/lang/StrictMath done
Event: 2.268 Executing VM operation: ParallelGCFailedAllocation
Event: 2.273 Executing VM operation: ParallelGCFailedAllocation done
Event: 2.391 loading class Object/Particle
Event: 2.391 loading class Object/Particle done


Dynamic libraries:
0x00007ff63faa0000 - 0x00007ff63fad4000 	C:\Program Files\Java\jre1.8.0_31\bin\javaw.exe
0x00007ff8b5b70000 - 0x00007ff8b5d16000 	C:\Windows\SYSTEM32\ntdll.dll
0x00007ff8b4150000 - 0x00007ff8b428a000 	C:\Windows\system32\KERNEL32.DLL
0x00007ff8b22a0000 - 0x00007ff8b23af000 	C:\Windows\system32\KERNELBASE.dll
0x00007ff8b0b80000 - 0x00007ff8b0c08000 	C:\Windows\system32\apphelp.dll
0x00007ff8b4da0000 - 0x00007ff8b4def000 	C:\Windows\AppPatch\AppPatch64\AcGenral.DLL
0x00007ff8b4700000 - 0x00007ff8b47a7000 	C:\Windows\system32\msvcrt.dll
0x00007ff8b1cd0000 - 0x00007ff8b1cfb000 	C:\Windows\SYSTEM32\SspiCli.dll
0x00007ff8b4930000 - 0x00007ff8b4981000 	C:\Windows\system32\SHLWAPI.dll
0x00007ff8b47b0000 - 0x00007ff8b4921000 	C:\Windows\system32\USER32.dll
0x00007ff8b4580000 - 0x00007ff8b46f8000 	C:\Windows\system32\ole32.dll
0x00007ff8b2580000 - 0x00007ff8b398f000 	C:\Windows\system32\SHELL32.dll
0x00007ff8b14e0000 - 0x00007ff8b14fe000 	C:\Windows\SYSTEM32\USERENV.dll
0x00007ff8b44d0000 - 0x00007ff8b4575000 	C:\Windows\system32\ADVAPI32.dll
0x00007ff8a2930000 - 0x00007ff8a294b000 	C:\Windows\SYSTEM32\MPR.dll
0x00007ff8b3e20000 - 0x00007ff8b3f57000 	C:\Windows\system32\RPCRT4.dll
0x00007ff8b3990000 - 0x00007ff8b39e7000 	C:\Windows\SYSTEM32\sechost.dll
0x00007ff8b4290000 - 0x00007ff8b4466000 	C:\Windows\SYSTEM32\combase.dll
0x00007ff8b2400000 - 0x00007ff8b2544000 	C:\Windows\system32\GDI32.dll
0x00007ff8b1ef0000 - 0x00007ff8b1f04000 	C:\Windows\SYSTEM32\profapi.dll
0x00007ff8b0830000 - 0x00007ff8b08cf000 	C:\Windows\SYSTEM32\SHCORE.dll
0x00007ff8b3f70000 - 0x00007ff8b3fa4000 	C:\Windows\system32\IMM32.DLL
0x00007ff8b39f0000 - 0x00007ff8b3b29000 	C:\Windows\system32\MSCTF.dll
0x00007ff8b03b0000 - 0x00007ff8b060a000 	C:\Windows\WinSxS\amd64_microsoft.windows.common-controls_6595b64144ccf1df_6.0.9600.17031_none_6242a4b3ecbb55a1\COMCTL32.dll
0x0000000051a20000 - 0x0000000051af2000 	C:\Program Files\Java\jre1.8.0_31\bin\msvcr100.dll
0x0000000077000000 - 0x000000007785a000 	C:\Program Files\Java\jre1.8.0_31\bin\server\jvm.dll
0x00007ff899090000 - 0x00007ff899099000 	C:\Windows\SYSTEM32\WSOCK32.dll
0x00007ff8ad180000 - 0x00007ff8ad19f000 	C:\Windows\SYSTEM32\WINMM.dll
0x00007ff8b4990000 - 0x00007ff8b4997000 	C:\Windows\system32\PSAPI.DLL
0x00007ff8b4470000 - 0x00007ff8b44c8000 	C:\Windows\system32\WS2_32.dll
0x00007ff8ad150000 - 0x00007ff8ad17a000 	C:\Windows\SYSTEM32\WINMMBASE.dll
0x00007ff8b3d40000 - 0x00007ff8b3d49000 	C:\Windows\system32\NSI.dll
0x00007ff8b21a0000 - 0x00007ff8b21ea000 	C:\Windows\SYSTEM32\cfgmgr32.dll
0x00007ff8b0d60000 - 0x00007ff8b0d86000 	C:\Windows\SYSTEM32\DEVOBJ.dll
0x0000000052340000 - 0x000000005234f000 	C:\Program Files\Java\jre1.8.0_31\bin\verify.dll
0x0000000051ce0000 - 0x0000000051d08000 	C:\Program Files\Java\jre1.8.0_31\bin\java.dll
0x0000000051bb0000 - 0x0000000051bc6000 	C:\Program Files\Java\jre1.8.0_31\bin\zip.dll
0x00007ff8b4d40000 - 0x00007ff8b4d99000 	C:\Users\jack\Desktop\CallumGit\JACAPP\ShootEmUp\native\x64\lwjgl.dll
0x00007ff8995a0000 - 0x00007ff8996c1000 	C:\Windows\SYSTEM32\OPENGL32.dll
0x00007ff8a09a0000 - 0x00007ff8a09cc000 	C:\Windows\SYSTEM32\GLU32.dll
0x00007ff89bb20000 - 0x00007ff89bc14000 	C:\Windows\SYSTEM32\DDRAW.dll
0x00007ff8b4c30000 - 0x00007ff8b4c39000 	C:\Windows\SYSTEM32\DCIMAN32.dll
0x00007ff8b0c30000 - 0x00007ff8b0d51000 	C:\Windows\system32\uxtheme.dll
0x00007ff8b0660000 - 0x00007ff8b0680000 	C:\Windows\SYSTEM32\dwmapi.dll
0x0000000180000000 - 0x000000018078e000 	C:\Windows\SYSTEM32\ig7icd64.dll
0x00007ff8ae9b0000 - 0x00007ff8aedeb000 	C:\Windows\SYSTEM32\igdusc64.dll
0x00007ff8b1e90000 - 0x00007ff8b1ed5000 	C:\Windows\SYSTEM32\powrprof.dll
0x00007ff8b0c10000 - 0x00007ff8b0c1a000 	C:\Windows\SYSTEM32\kernel.appcore.dll
0x00007ff8b1e60000 - 0x00007ff8b1e6a000 	C:\Windows\SYSTEM32\CRYPTBASE.dll
0x00007ff8b1d00000 - 0x00007ff8b1d60000 	C:\Windows\SYSTEM32\bcryptPrimitives.dll
0x0000000076e60000 - 0x0000000076ff8000 	C:\Program Files\Java\jre1.8.0_31\bin\awt.dll
0x00007ff8b3d50000 - 0x00007ff8b3e11000 	C:\Windows\system32\OLEAUT32.dll
0x00007ff8b1790000 - 0x00007ff8b17ae000 	C:\Windows\SYSTEM32\CRYPTSP.dll
0x00007ff8b13d0000 - 0x00007ff8b1405000 	C:\Windows\system32\rsaenh.dll
0x00007ff8b19d0000 - 0x00007ff8b19f6000 	C:\Windows\SYSTEM32\bcrypt.dll
0x0000000051b90000 - 0x0000000051baa000 	C:\Program Files\Java\jre1.8.0_31\bin\net.dll
0x00007ff8b1730000 - 0x00007ff8b1788000 	C:\Windows\system32\mswsock.dll
0x00007ff8acee0000 - 0x00007ff8acf09000 	C:\Windows\SYSTEM32\IPHLPAPI.DLL
0x00007ff8acec0000 - 0x00007ff8aceca000 	C:\Windows\SYSTEM32\WINNSI.DLL
0x00007ff8aca00000 - 0x00007ff8aca14000 	C:\Windows\SYSTEM32\dhcpcsvc6.DLL
0x00007ff8acbc0000 - 0x00007ff8acbd9000 	C:\Windows\SYSTEM32\dhcpcsvc.DLL
0x0000000051b70000 - 0x0000000051b81000 	C:\Program Files\Java\jre1.8.0_31\bin\nio.dll
0x00007ff8b3b30000 - 0x00007ff8b3bd4000 	C:\Windows\SYSTEM32\clbcatq.dll
0x00007ff89fa90000 - 0x00007ff89fc18000 	C:\Windows\SYSTEM32\dbghelp.dll

VM Arguments:
jvm_args: -Djava.library.path=C:\Users\jack\Desktop\CallumGit\JACAPP\ShootEmUp\native\x64 -Dfile.encoding=Cp1252 
java_command: Main.ShootEmUp
java_class_path (initial): C:\Users\jack\Desktop\CallumGit\JACAPP\ShootEmUp\bin;C:\Users\jack\Desktop\CallumGit\JACAPP\ShootEmUp\lib\lwjgl.jar;C:\Users\jack\Desktop\CallumGit\JACAPP\ShootEmUp\lib\TWL.jar;C:\Users\jack\Desktop\CallumGit\JACAPP\ShootEmUp\res
Launcher Type: SUN_STANDARD

Environment Variables:
PATH=C:/Program Files/Java/jre1.8.0_31/bin/server;C:/Program Files/Java/jre1.8.0_31/bin;C:/Program Files/Java/jre1.8.0_31/lib/amd64;C:\ProgramData\Oracle\Java\javapath;C:\Program Files (x86)\Intel\iCLS Client\;C:\Program Files\Intel\iCLS Client\;C:\Windows\system32;C:\Windows;C:\Windows\System32\Wbem;C:\Windows\System32\WindowsPowerShell\v1.0\;C:\Program Files\Intel\Intel(R) Management Engine Components\DAL;C:\Program Files\Intel\Intel(R) Management Engine Components\IPT;C:\Program Files (x86)\Intel\Intel(R) Management Engine Components\DAL;C:\Program Files (x86)\Intel\Intel(R) Management Engine Components\IPT;C:\Program Files (x86)\Windows Live\Shared;C:\Program Files\MiKTeX 2.9\miktex\bin\x64\;C:\Program Files (x86)\Windows Kits\8.1\Windows Performance Toolkit\;C:\Program Files\Microsoft SQL Server\110\Tools\Binn\;C:\Program Files (x86)\Microsoft SDKs\TypeScript\1.0\;C:\Program Files\Microsoft SQL Server\120\Tools\Binn\;C:\Users\jack\Desktop\eclipse\Luna\eclipse;
USERNAME=jack
OS=Windows_NT
PROCESSOR_IDENTIFIER=Intel64 Family 6 Model 58 Stepping 9, GenuineIntel



---------------  S Y S T E M  ---------------

OS: Windows 8.1 , 64 bit Build 9600 

CPU:total 2 (2 cores per cpu, 1 threads per core) family 6 model 58 stepping 9, cmov, cx8, fxsr, mmx, sse, sse2, sse3, ssse3, sse4.1, sse4.2, popcnt, clmul, erms, tsc, tscinvbit, tscinv

Memory: 4k page, physical 4066584k(851296k free), swap 6320508k(1627684k free)

vm_info: Java HotSpot(TM) 64-Bit Server VM (25.31-b07) for windows-amd64 JRE (1.8.0_31-b13), built on Dec 17 2014 21:00:28 by "java_re" with MS VC++ 10.0 (VS2010)

time: Mon Feb 16 21:44:13 2015
elapsed time: 2 seconds (0d 0h 0m 2s)

